Unity Editor version:    2020.3.26f1 (7298b473bc1a)
Branch:                  2020.3/staging
Build type:              Release
Batch mode:              YES
macOS version:           Version 10.15.7 (Build 19H2026)
Darwin version:          19.6.0
Architecture:            x86_64
Running under Rosetta:   NO
Available memory:        16384 MB
Using pre-set license
Pro License: NO

COMMAND LINE ARGUMENTS:
/Applications/Unity/Hub/Editor/2020.3.26f1/Unity.app/Contents/MacOS/Unity
-adb2
-batchMode
-noUpm
-name
AssetImportWorker0
-projectPath
/Users/kylamoore/ImageNWaveVisualizer_Standard/ImageNWaveVisualizer
-logFile
Logs/AssetImportWorker0.log
-srvPort
63333
Successfully changed project path to: /Users/kylamoore/ImageNWaveVisualizer_Standard/ImageNWaveVisualizer
/Users/kylamoore/ImageNWaveVisualizer_Standard/ImageNWaveVisualizer
Using Asset Import Pipeline V2.
Refreshing native plugins compatible for Editor in 56.28 ms, found 2 plugins.
Preloading 0 native plugins for Editor in 0.00 ms.
Initialize engine version: 2020.3.26f1 (7298b473bc1a)
[Subsystems] Discovering subsystems at path /Applications/Unity/Hub/Editor/2020.3.26f1/Unity.app/Contents/Resources/UnitySubsystems
[Subsystems] Discovering subsystems at path /Users/kylamoore/ImageNWaveVisualizer_Standard/ImageNWaveVisualizer/Assets
GfxDevice: creating device client; threaded=0
2022-12-11 23:33:05.820 Unity[44499:2953321] Color LCD preferred device: Intel(R) Iris(TM) Plus Graphics (low power)
2022-12-11 23:33:05.820 Unity[44499:2953321] Metal devices available: 1
2022-12-11 23:33:05.820 Unity[44499:2953321] 0: Intel(R) Iris(TM) Plus Graphics (low power)
2022-12-11 23:33:05.820 Unity[44499:2953321] Using device Intel(R) Iris(TM) Plus Graphics (low power)
Initializing Metal device caps: Intel(R) Iris(TM) Plus Graphics
Initialize mono
Mono path[0] = '/Applications/Unity/Hub/Editor/2020.3.26f1/Unity.app/Contents/Managed'
Mono path[1] = '/Applications/Unity/Hub/Editor/2020.3.26f1/Unity.app/Contents/MonoBleedingEdge/lib/mono/unityjit'
Mono config path = '/Applications/Unity/Hub/Editor/2020.3.26f1/Unity.app/Contents/MonoBleedingEdge/etc'
Using monoOptions --debugger-agent=transport=dt_socket,embedding=1,server=y,suspend=n,address=127.0.0.1:56499
Begin MonoManager ReloadAssembly
Registering precompiled unity dll's ...
Register platform support module: /Applications/Unity/Hub/Editor/2020.3.26f1/PlaybackEngines/WebGLSupport/UnityEditor.WebGL.Extensions.dll
Register platform support module: /Applications/Unity/Hub/Editor/2020.3.26f1/Unity.app/Contents/PlaybackEngines/MacStandaloneSupport/UnityEditor.OSXStandalone.Extensions.dll
Registered in 0.000609 seconds.
Native extension for OSXStandalone target not found
Native extension for WebGL target not found
Refreshing native plugins compatible for Editor in 49.67 ms, found 2 plugins.
Preloading 0 native plugins for Editor in 0.00 ms.
Mono: successfully reloaded assembly
- Completed reload, in  0.658 seconds
Domain Reload Profiling:
	ReloadAssembly (659ms)
		BeginReloadAssembly (38ms)
			ExecutionOrderSort (0ms)
			DisableScriptedObjects (0ms)
			BackupInstance (0ms)
			ReleaseScriptingObjects (0ms)
			CreateAndSetChildDomain (1ms)
		EndReloadAssembly (544ms)
			LoadAssemblies (38ms)
			RebuildTransferFunctionScriptingTraits (0ms)
			SetupTypeCache (191ms)
			ReleaseScriptCaches (0ms)
			RebuildScriptCaches (39ms)
			SetupLoadedEditorAssemblies (222ms)
				LogAssemblyErrors (0ms)
				InitializePlatformSupportModulesInManaged (6ms)
				SetLoadedEditorAssemblies (0ms)
				RefreshPlugins (50ms)
				BeforeProcessingInitializeOnLoad (29ms)
				ProcessInitializeOnLoadAttributes (106ms)
				ProcessInitializeOnLoadMethodAttributes (31ms)
				AfterProcessingInitializeOnLoad (0ms)
				EditorAssembliesLoaded (0ms)
			ExecutionOrderSort2 (0ms)
			AwakeInstancesAfterBackupRestoration (0ms)
Platform modules already initialized, skipping
Registering precompiled user dll's ...
Registered in 0.004835 seconds.
Begin MonoManager ReloadAssembly
Native extension for OSXStandalone target not found
Native extension for WebGL target not found
Refreshing native plugins compatible for Editor in 57.92 ms, found 2 plugins.
Preloading 0 native plugins for Editor in 0.00 ms.
Mono: successfully reloaded assembly
- Completed reload, in  1.397 seconds
Domain Reload Profiling:
	ReloadAssembly (1398ms)
		BeginReloadAssembly (166ms)
			ExecutionOrderSort (0ms)
			DisableScriptedObjects (5ms)
			BackupInstance (0ms)
			ReleaseScriptingObjects (0ms)
			CreateAndSetChildDomain (39ms)
		EndReloadAssembly (1164ms)
			LoadAssemblies (149ms)
			RebuildTransferFunctionScriptingTraits (0ms)
			SetupTypeCache (407ms)
			ReleaseScriptCaches (1ms)
			RebuildScriptCaches (66ms)
			SetupLoadedEditorAssemblies (406ms)
				LogAssemblyErrors (0ms)
				InitializePlatformSupportModulesInManaged (5ms)
				SetLoadedEditorAssemblies (0ms)
				RefreshPlugins (58ms)
				BeforeProcessingInitializeOnLoad (91ms)
				ProcessInitializeOnLoadAttributes (235ms)
				ProcessInitializeOnLoadMethodAttributes (15ms)
				AfterProcessingInitializeOnLoad (1ms)
				EditorAssembliesLoaded (0ms)
			ExecutionOrderSort2 (0ms)
			AwakeInstancesAfterBackupRestoration (9ms)
Platform modules already initialized, skipping
Validating Project structure ... 0.000301 seconds.
Shader import version has changed; will reimport all shaders...
Upgrading shader files ...0.000565 seconds.
Application.AssetDatabase Initial Script Refresh Start
RefreshInfo: InitialScriptRefreshV2(NoUpdateAssetOptions) scanfilter:  ... 1 filters
RefreshProfiler: Total: 0.000ms
Application.AssetDatabase Initial Script Refresh End
Application.AssetDatabase.Refresh Start
Application.AssetDatabase.Refresh End
RefreshInfo: StopAssetImportingV2(ForceSynchronousImport) scanfilter: 
RefreshProfiler: Total: 0.000ms
Launching external process: /Applications/Unity/Hub/Editor/2020.3.26f1/Unity.app/Contents/Tools/UnityShaderCompiler
Launched and connected shader compiler UnityShaderCompiler after 0.01 seconds
Initializing Unity extensions:
========================================================================
Worker process is ready to serve import requests
Refreshing native plugins compatible for Editor in 0.50 ms, found 2 plugins.
Preloading 0 native plugins for Editor in 0.00 ms.
Unloading 2898 Unused Serialized files (Serialized files now loaded: 0)
System memory in use before: 240.7 MB.
System memory in use after: 238.8 MB.

Unloading 139 unused Assets to reduce memory usage. Loaded Objects now: 3359.
Total: 3.988322 ms (FindLiveObjects: 0.296428 ms CreateObjectMapping: 0.085445 ms MarkObjects: 2.857121 ms  DeleteObjects: 0.748273 ms)

AssetImportParameters requested are different than current active one (requested -> active):
  custom:video-decoder-ogg-theora: a1e56fd34408186e4bbccfd4996cb3dc -> 
  custom:container-muxer-webm: aa71ff27fc2769a1b78a27578f13a17b -> 
  custom:container-demuxer-webm: 4f35f7cbe854078d1ac9338744f61a02 -> 
  custom:container-demuxer-ogg: 62fdf1f143b41e24485cea50d1cbac27 -> 
  custom:video-encoder-webm-vp8: eb34c28f22e8b96e1ab97ce403110664 -> 
  custom:framework-osx-AVFoundation: b23960f63f64bdc6ff669e2cdcee2391 -> 
  custom:video-decoder-webm-vp8: 9c59270c3fd7afecdb556c50c9e8de78 -> 
  custom:audio-decoder-ogg-vorbis: bf7c407c2cedff20999df2af8eb42d56 -> 
  custom:audio-encoder-webm-vorbis: bf7c407c2cedff20999df2af8eb42d56 -> 
========================================================================
Received Import Request.
  path: Assets/Images/mitzi_sprite.png
  artifactKey: Guid(12c81510f369d4df1b5bc8e0a65603c8) Importer(815301076,1909f56bfc062723c751e8b465ee728b)
Start importing Assets/Images/mitzi_sprite.png using Guid(12c81510f369d4df1b5bc8e0a65603c8) Importer(815301076,1909f56bfc062723c751e8b465ee728b)  -> (artifact id: '7120739225895221b057e2e0a719a6a6') in 0.361957 seconds 
  Import took 0.375222 seconds .

========================================================================
Received Import Request.
  Time since last request: 0.818609 seconds.
  path: Assets/Images/kyla_sprite.png
  artifactKey: Guid(4874bacd440c347398cdd3a71a84de56) Importer(815301076,1909f56bfc062723c751e8b465ee728b)
Start importing Assets/Images/kyla_sprite.png using Guid(4874bacd440c347398cdd3a71a84de56) Importer(815301076,1909f56bfc062723c751e8b465ee728b)  -> (artifact id: '340602b0d8d1a01d000ceb93f56f6c0f') in 0.017922 seconds 
  Import took 0.025693 seconds .

========================================================================
Received Import Request.
  Time since last request: 6.018265 seconds.
  path: Assets/Images/chryo_giftbox.png
  artifactKey: Guid(831f56aeb055b42a19326b725d66cea9) Importer(815301076,1909f56bfc062723c751e8b465ee728b)
Start importing Assets/Images/chryo_giftbox.png using Guid(831f56aeb055b42a19326b725d66cea9) Importer(815301076,1909f56bfc062723c751e8b465ee728b)  -> (artifact id: '00f98f6b941d39f927d7e95d2d03ea81') in 0.015297 seconds 
  Import took 0.022369 seconds .

========================================================================
Received Import Request.
  Time since last request: 5.682968 seconds.
  path: Assets/Images/arcade machine.png
  artifactKey: Guid(21854d36297f34d488075793ce3cd5c9) Importer(815301076,1909f56bfc062723c751e8b465ee728b)
Start importing Assets/Images/arcade machine.png using Guid(21854d36297f34d488075793ce3cd5c9) Importer(815301076,1909f56bfc062723c751e8b465ee728b)  -> (artifact id: '11d5b468ef9fee1bc0137d565c3fea60') in 0.012278 seconds 
  Import took 0.019706 seconds .

========================================================================
Received Import Request.
  Time since last request: 156.359399 seconds.
  path: Assets/Images/FjIfQMDUUAEmtHp.jpeg
  artifactKey: Guid(52afa2c372c034f6d848603ae0b57ab1) Importer(815301076,1909f56bfc062723c751e8b465ee728b)
Start importing Assets/Images/FjIfQMDUUAEmtHp.jpeg using Guid(52afa2c372c034f6d848603ae0b57ab1) Importer(815301076,1909f56bfc062723c751e8b465ee728b)  -> (artifact id: 'e11637bd228760c01dcfa73e791448f4') in 0.441090 seconds 
  Import took 0.452413 seconds .

========================================================================
Received Import Request.
  Time since last request: 6.545977 seconds.
  path: Assets/Images/uncanny_dog.jpeg
  artifactKey: Guid(52afa2c372c034f6d848603ae0b57ab1) Importer(815301076,1909f56bfc062723c751e8b465ee728b)
Start importing Assets/Images/uncanny_dog.jpeg using Guid(52afa2c372c034f6d848603ae0b57ab1) Importer(815301076,1909f56bfc062723c751e8b465ee728b)  -> (artifact id: '7fa93487d73dcb96d7e7c26221d8da7a') in 0.008588 seconds 
  Import took 0.014671 seconds .

========================================================================
Received Import Request.
  Time since last request: 7.341089 seconds.
  path: Assets/Images/uncanny dog.jpeg
  artifactKey: Guid(52afa2c372c034f6d848603ae0b57ab1) Importer(815301076,1909f56bfc062723c751e8b465ee728b)
Start importing Assets/Images/uncanny dog.jpeg using Guid(52afa2c372c034f6d848603ae0b57ab1) Importer(815301076,1909f56bfc062723c751e8b465ee728b)  -> (artifact id: '9b741038e89d6429e7f4a85526134e37') in 0.007616 seconds 
  Import took 0.013253 seconds .

========================================================================
Received Import Request.
  Time since last request: 57.221553 seconds.
  path: Assets/Images/weewooweewoo.jpeg
  artifactKey: Guid(dfcb0a812e8b94ad99901cd62008b6a0) Importer(815301076,1909f56bfc062723c751e8b465ee728b)
Start importing Assets/Images/weewooweewoo.jpeg using Guid(dfcb0a812e8b94ad99901cd62008b6a0) Importer(815301076,1909f56bfc062723c751e8b465ee728b)  -> (artifact id: '08c007278d6c1fe261d7dda49862e061') in 0.013844 seconds 
  Import took 0.025968 seconds .

========================================================================
Received Import Request.
  Time since last request: 17.450110 seconds.
  path: Assets/Images/googoo.JPG
  artifactKey: Guid(afe1e636773844b4b923ce5b08c2ac8c) Importer(815301076,1909f56bfc062723c751e8b465ee728b)
Start importing Assets/Images/googoo.JPG using Guid(afe1e636773844b4b923ce5b08c2ac8c) Importer(815301076,1909f56bfc062723c751e8b465ee728b)  -> (artifact id: '2365d81dc23acfd3f69be412156a6a94') in 0.362466 seconds 
  Import took 0.374285 seconds .

========================================================================
Received Import Request.
  Time since last request: 129.244530 seconds.
  path: Assets/Images/16bit sky.jpg
  artifactKey: Guid(cb9b6aeb6059342079bcab73358f6da6) Importer(815301076,1909f56bfc062723c751e8b465ee728b)
Start importing Assets/Images/16bit sky.jpg using Guid(cb9b6aeb6059342079bcab73358f6da6) Importer(815301076,1909f56bfc062723c751e8b465ee728b)  -> (artifact id: 'b9daa339a3d1f6919f34a0606c6876fe') in 0.375002 seconds 
  Import took 0.391393 seconds .

========================================================================
Received Prepare
Registering precompiled user dll's ...
Registered in 0.015292 seconds.
Begin MonoManager ReloadAssembly
Native extension for OSXStandalone target not found
Native extension for WebGL target not found
Refreshing native plugins compatible for Editor in 0.46 ms, found 2 plugins.
Preloading 0 native plugins for Editor in 0.00 ms.
Mono: successfully reloaded assembly
- Completed reload, in  1.446 seconds
Domain Reload Profiling:
	ReloadAssembly (1447ms)
		BeginReloadAssembly (160ms)
			ExecutionOrderSort (0ms)
			DisableScriptedObjects (5ms)
			BackupInstance (0ms)
			ReleaseScriptingObjects (0ms)
			CreateAndSetChildDomain (90ms)
		EndReloadAssembly (1212ms)
			LoadAssemblies (171ms)
			RebuildTransferFunctionScriptingTraits (0ms)
			SetupTypeCache (410ms)
			ReleaseScriptCaches (1ms)
			RebuildScriptCaches (52ms)
			SetupLoadedEditorAssemblies (385ms)
				LogAssemblyErrors (0ms)
				InitializePlatformSupportModulesInManaged (6ms)
				SetLoadedEditorAssemblies (1ms)
				RefreshPlugins (0ms)
				BeforeProcessingInitializeOnLoad (134ms)
				ProcessInitializeOnLoadAttributes (231ms)
				ProcessInitializeOnLoadMethodAttributes (11ms)
				AfterProcessingInitializeOnLoad (1ms)
				EditorAssembliesLoaded (0ms)
			ExecutionOrderSort2 (0ms)
			AwakeInstancesAfterBackupRestoration (8ms)
Platform modules already initialized, skipping
Refreshing native plugins compatible for Editor in 0.55 ms, found 2 plugins.
Preloading 0 native plugins for Editor in 0.00 ms.
Unloading 2797 Unused Serialized files (Serialized files now loaded: 0)
System memory in use before: 246.3 MB.
System memory in use after: 246.5 MB.

Unloading 16 unused Assets to reduce memory usage. Loaded Objects now: 3377.
Total: 2.810605 ms (FindLiveObjects: 0.223223 ms CreateObjectMapping: 0.089096 ms MarkObjects: 2.474371 ms  DeleteObjects: 0.023182 ms)

AssetImportParameters requested are different than current active one (requested -> active):
  custom:video-decoder-ogg-theora: a1e56fd34408186e4bbccfd4996cb3dc -> 
  custom:container-muxer-webm: aa71ff27fc2769a1b78a27578f13a17b -> 
  custom:container-demuxer-webm: 4f35f7cbe854078d1ac9338744f61a02 -> 
  custom:container-demuxer-ogg: 62fdf1f143b41e24485cea50d1cbac27 -> 
  custom:video-encoder-webm-vp8: eb34c28f22e8b96e1ab97ce403110664 -> 
  custom:framework-osx-AVFoundation: b23960f63f64bdc6ff669e2cdcee2391 -> 
  custom:video-decoder-webm-vp8: 9c59270c3fd7afecdb556c50c9e8de78 -> 
  custom:audio-decoder-ogg-vorbis: bf7c407c2cedff20999df2af8eb42d56 -> 
  custom:audio-encoder-webm-vorbis: bf7c407c2cedff20999df2af8eb42d56 -> 
AssetImportWorkerClient::OnTransportError - code=2 error=End of file
